#
# There is insufficient memory for the Java Runtime Environment to continue.
# Native memory allocation (mmap) failed to map 134217728 bytes for G1 virtual space
# Possible reasons:
#   The system is out of physical RAM or swap space
#   The process is running with CompressedOops enabled, and the Java Heap may be blocking the growth of the native heap
# Possible solutions:
#   Reduce memory load on the system
#   Increase physical memory or swap space
#   Check if swap backing store is full
#   Decrease Java heap size (-Xmx/-Xms)
#   Decrease number of Java threads
#   Decrease Java thread stack sizes (-Xss)
#   Set larger code cache with -XX:ReservedCodeCacheSize=
#   JVM is running with Unscaled Compressed Oops mode in which the Java heap is
#     placed in the first 4GB address space. The Java Heap base address is the
#     maximum limit for the native heap growth. Please use -XX:HeapBaseMinAddress
#     to set the Java Heap base and to place the Java Heap above 4GB virtual address.
# This output file may be truncated or incomplete.
#
#  Out of Memory Error (os_windows.cpp:3825), pid=8556, tid=4376
#
# JRE version:  (17.0.9) (build )
# Java VM: OpenJDK 64-Bit Server VM (17.0.9+0--11185874, mixed mode, sharing, tiered, compressed oops, compressed class ptrs, g1 gc, windows-amd64)
# No core dump will be written. Minidumps are not enabled by default on client versions of Windows
#

---------------  S U M M A R Y ------------

Command Line: org.jetbrains.kotlin.cli.jvm.K2JVMCompiler @C:\Users\Admin\AndroidStudioProjects\MVVM\app\build\20240317_11505253677020773194.compiler.options

Host: Intel(R) Core(TM) i7-4500U CPU @ 1.80GHz, 4 cores, 7G,  Windows 10 , 64 bit Build 19041 (10.0.19041.2546)
Time: Sun Mar 17 16:35:10 2024 Hora oficial do Brasil elapsed time: 0.013328 seconds (0d 0h 0m 0s)

---------------  T H R E A D  ---------------

Current thread (0x000001c29fb2cfa0):  JavaThread "Unknown thread" [_thread_in_vm, id=4376, stack(0x0000005732d00000,0x0000005732e00000)]

Stack: [0x0000005732d00000,0x0000005732e00000]
Native frames: (J=compiled Java code, j=interpreted, Vv=VM code, C=native code)
V  [jvm.dll+0x6886e9]
V  [jvm.dll+0x841e4a]
V  [jvm.dll+0x843a8e]
V  [jvm.dll+0x8440f3]
V  [jvm.dll+0x24c14f]
V  [jvm.dll+0x685499]
V  [jvm.dll+0x679c2a]
V  [jvm.dll+0x30cf9b]
V  [jvm.dll+0x314446]
V  [jvm.dll+0x36425e]
V  [jvm.dll+0x36448f]
V  [jvm.dll+0x2e2d68]
V  [jvm.dll+0x2e3cd4]
V  [jvm.dll+0x8129f1]
V  [jvm.dll+0x3720c1]
V  [jvm.dll+0x7f152c]
V  [jvm.dll+0x3f5d4f]
V  [jvm.dll+0x3f7981]
C  [jli.dll+0x528f]
C  [ucrtbase.dll+0x21bb2]
C  [KERNEL32.DLL+0x17614]
C  [ntdll.dll+0x526a1]


---------------  P R O C E S S  ---------------

Threads class SMR info:
_java_thread_list=0x00007ffe85d1ef18, length=0, elements={
}

Java Threads: ( => current thread )

Other Threads:
  0x000001c29fc8e850 GCTaskThread "GC Thread#0" [stack: 0x0000005732e00000,0x0000005732f00000] [id=6172]
  0x000001c29fca04f0 ConcurrentGCThread "G1 Main Marker" [stack: 0x0000005732f00000,0x0000005733000000] [id=2832]
  0x000001c29fca0f10 ConcurrentGCThread "G1 Conc#0" [stack: 0x0000005733000000,0x0000005733100000] [id=5728]

[error occurred during error reporting (printing all threads), id 0xc0000005, EXCEPTION_ACCESS_VIOLATION (0xc0000005) at pc=0x00007ffe854d3937]

VM state: not at safepoint (not fully initialized)

VM Mutex/Monitor currently owned by a thread:  ([mutex/lock_event])
[0x000001c29fc35190] Heap_lock - owner thread: 0x000001c29fb2cfa0

Heap address: 0x0000000081600000, size: 2026 MB, Compressed Oops mode: 32-bit

CDS archive(s) mapped at: [0x0000000000000000-0x0000000000000000-0x0000000000000000), size 0, SharedBaseAddress: 0x0000000800000000, ArchiveRelocationMode: 1.
Narrow klass base: 0x0000000000000000, Narrow klass shift: 0, Narrow klass range: 0x0

GC Precious Log:
<Empty>

Heap:
 garbage-first heap   total 0K, used 0K [0x0000000081600000, 0x0000000100000000)
  region size 1024K, 0 young (0K), 0 survivors (0K)
 Metaspace       used 0K, committed 0K, reserved 0K
  class space    used 0K, committed 0K, reserved 0K

Heap Regions: E=young(eden), S=young(survivor), O=old, HS=humongous(starts), HC=humongous(continues), CS=collection set, F=free, OA=open archive, CA=closed archive, TAMS=top-at-mark-start (previous, next)

Card table byte_map: [0x000001c2b4300000,0x000001c2b4700000] _byte_map_base: 0x000001c2b3ef5000

Marking Bits (Prev, Next): (CMBitMap*) 0x000001c29fc8fe80, (CMBitMap*) 0x000001c29fc8fec0
 Prev Bits: [0x000001c2b4b00000, 0x000001c2b6aa8000)
 Next Bits: [0x000001c2b6ab0000, 0x000001c2b8a58000)

GC Heap History (0 events):
No events

Dll operation events (1 events):
Event: 0.007 Loaded shared library C:\Program Files\Android\Android Studio1\jbr\bin\java.dll

Deoptimization events (0 events):
No events

Classes unloaded (0 events):
No events

Classes redefined (0 events):
No events

Internal exceptions (0 events):
No events

VM Operations (0 events):
No events

Events (0 events):
No events


Dynamic libraries:
0x00007ff710a10000 - 0x00007ff710a1a000 	C:\Program Files\Android\Android Studio1\jbr\bin\java.exe
0x00007ffeab090000 - 0x00007ffeab288000 	C:\Windows\SYSTEM32\ntdll.dll
0x00007ffea91d0000 - 0x00007ffea928f000 	C:\Windows\System32\KERNEL32.DLL
0x00007ffea8cc0000 - 0x00007ffea8f92000 	C:\Windows\System32\KERNELBASE.dll
0x00007ffea8a20000 - 0x00007ffea8b20000 	C:\Windows\System32\ucrtbase.dll
0x00007ffe95f60000 - 0x00007ffe95f77000 	C:\Program Files\Android\Android Studio1\jbr\bin\jli.dll
0x00007ffea2780000 - 0x00007ffea279b000 	C:\Program Files\Android\Android Studio1\jbr\bin\VCRUNTIME140.dll
0x00007ffea9a70000 - 0x00007ffea9c11000 	C:\Windows\System32\USER32.dll
0x00007ffea8780000 - 0x00007ffea87a2000 	C:\Windows\System32\win32u.dll
0x00007ffe97e30000 - 0x00007ffe980ca000 	C:\Windows\WinSxS\amd64_microsoft.windows.common-controls_6595b64144ccf1df_6.0.19041.1110_none_60b5254171f9507e\COMCTL32.dll
0x00007ffeab020000 - 0x00007ffeab04b000 	C:\Windows\System32\GDI32.dll
0x00007ffeaaca0000 - 0x00007ffeaad3e000 	C:\Windows\System32\msvcrt.dll
0x00007ffea8b20000 - 0x00007ffea8c2f000 	C:\Windows\System32\gdi32full.dll
0x00007ffea87b0000 - 0x00007ffea884d000 	C:\Windows\System32\msvcp_win.dll
0x00007ffea9490000 - 0x00007ffea94c2000 	C:\Windows\System32\IMM32.DLL
0x00007ffea2bd0000 - 0x00007ffea2bdc000 	C:\Program Files\Android\Android Studio1\jbr\bin\vcruntime140_1.dll
0x00007ffe92b20000 - 0x00007ffe92bad000 	C:\Program Files\Android\Android Studio1\jbr\bin\msvcp140.dll
0x00007ffe851e0000 - 0x00007ffe85e63000 	C:\Program Files\Android\Android Studio1\jbr\bin\server\jvm.dll
0x00007ffeaaec0000 - 0x00007ffeaaf6e000 	C:\Windows\System32\ADVAPI32.dll
0x00007ffeaad40000 - 0x00007ffeaaddc000 	C:\Windows\System32\sechost.dll
0x00007ffeaa110000 - 0x00007ffeaa235000 	C:\Windows\System32\RPCRT4.dll
0x00007ffea7cc0000 - 0x00007ffea7d0b000 	C:\Windows\SYSTEM32\POWRPROF.dll
0x00007ffea26f0000 - 0x00007ffea26f9000 	C:\Windows\SYSTEM32\WSOCK32.dll
0x00007ffeaa0a0000 - 0x00007ffeaa10b000 	C:\Windows\System32\WS2_32.dll
0x00007ffe9a520000 - 0x00007ffe9a547000 	C:\Windows\SYSTEM32\WINMM.dll
0x00007ffea1f20000 - 0x00007ffea1f2a000 	C:\Windows\SYSTEM32\VERSION.dll
0x00007ffea7b80000 - 0x00007ffea7b92000 	C:\Windows\SYSTEM32\UMPDC.dll
0x00007ffea6fc0000 - 0x00007ffea6fd2000 	C:\Windows\SYSTEM32\kernel.appcore.dll
0x00007ffea1970000 - 0x00007ffea197a000 	C:\Program Files\Android\Android Studio1\jbr\bin\jimage.dll
0x00007ffe92d20000 - 0x00007ffe92f04000 	C:\Windows\SYSTEM32\DBGHELP.DLL
0x00007ffe93510000 - 0x00007ffe93545000 	C:\Windows\SYSTEM32\dbgcore.DLL
0x00007ffea8c30000 - 0x00007ffea8cb2000 	C:\Windows\System32\bcryptPrimitives.dll
0x00007ffea1940000 - 0x00007ffea1965000 	C:\Program Files\Android\Android Studio1\jbr\bin\java.dll

dbghelp: loaded successfully - version: 4.0.5 - missing functions: none
symbol engine: initialized successfully - sym options: 0x614 - pdb path: .;C:\Program Files\Android\Android Studio1\jbr\bin;C:\Windows\SYSTEM32;C:\Windows\WinSxS\amd64_microsoft.windows.common-controls_6595b64144ccf1df_6.0.19041.1110_none_60b5254171f9507e;C:\Program Files\Android\Android Studio1\jbr\bin\server

VM Arguments:
java_command: org.jetbrains.kotlin.cli.jvm.K2JVMCompiler @C:\Users\Admin\AndroidStudioProjects\MVVM\app\build\20240317_11505253677020773194.compiler.options
java_class_path (initial): C:\Users\Admin\.gradle\caches\modules-2\files-2.1\org.jetbrains.kotlin\kotlin-compiler-embeddable\1.9.22\9cd4dc7773cf2a99ecd961a88fbbc9a2da3fb5e1\kotlin-compiler-embeddable-1.9.22.jar;C:\Users\Admin\.gradle\caches\modules-2\files-2.1\org.jetbrains.kotlin\kotlin-stdlib\1.9.22\d6c44cd08d8f3f9bece8101216dbe6553365c6e3\kotlin-stdlib-1.9.22.jar;C:\Users\Admin\.gradle\caches\modules-2\files-2.1\org.jetbrains.kotlin\kotlin-script-runtime\1.9.22\f8139a46fc677ec9badc49ae954392f4f5e7e7c7\kotlin-script-runtime-1.9.22.jar;C:\Users\Admin\.gradle\caches\modules-2\files-2.1\org.jetbrains.kotlin\kotlin-reflect\1.6.10\1cbe9c92c12a94eea200d23c2bbaedaf3daf5132\kotlin-reflect-1.6.10.jar;C:\Users\Admin\.gradle\caches\modules-2\files-2.1\org.jetbrains.kotlin\kotlin-daemon-embeddable\1.9.22\20e2c5df715f3240c765cfc222530e2796542021\kotlin-daemon-embeddable-1.9.22.jar;C:\Users\Admin\.gradle\caches\modules-2\files-2.1\org.jetbrains.intellij.deps\trove4j\1.0.20200330\3afb14d5f9ceb459d724e907a21145e8ff394f02\trove4j-1.0.20200330.jar;C:\Users\Admin\.gradle\caches\modules-2\files-2.1\org.jetbrains\annotations\13.0\919f0dfe192fb4e063e7dacadee7f8bb9a2672a9\annotations-13.0.jar
Launcher Type: SUN_STANDARD

[Global flags]
     intx CICompilerCount                          = 3                                         {product} {ergonomic}
     uint ConcGCThreads                            = 1                                         {product} {ergonomic}
     uint G1ConcRefinementThreads                  = 4                                         {product} {ergonomic}
   size_t G1HeapRegionSize                         = 1048576                                   {product} {ergonomic}
    uintx GCDrainStackTargetSize                   = 64                                        {product} {ergonomic}
   size_t InitialHeapSize                          = 134217728                                 {product} {ergonomic}
   size_t MarkStackSize                            = 4194304                                   {product} {ergonomic}
   size_t MaxHeapSize                              = 2124414976                                {product} {ergonomic}
   size_t MinHeapDeltaBytes                        = 1048576                                   {product} {ergonomic}
   size_t MinHeapSize                              = 8388608                                   {product} {ergonomic}
    uintx NonNMethodCodeHeapSize                   = 5832780                                {pd product} {ergonomic}
    uintx NonProfiledCodeHeapSize                  = 122912730                              {pd product} {ergonomic}
    uintx ProfiledCodeHeapSize                     = 122912730                              {pd product} {ergonomic}
    uintx ReservedCodeCacheSize                    = 251658240                              {pd product} {ergonomic}
     bool SegmentedCodeCache                       = true                                      {product} {ergonomic}
   size_t SoftMaxHeapSize                          = 2124414976                             {manageable} {ergonomic}
     bool UseCompressedClassPointers               = true                           {product lp64_product} {ergonomic}
     bool UseCompressedOops                        = true                           {product lp64_product} {ergonomic}
     bool UseG1GC                                  = true                                      {product} {ergonomic}
     bool UseLargePagesIndividualAllocation        = false                                  {pd product} {ergonomic}

Logging:
Log output configuration:
 #0: stdout all=warning uptime,level,tags
 #1: stderr all=off uptime,level,tags

Environment Variables:
PATH=C:\Program Files (x86)\Razer Chroma SDK\bin;C:\Program Files\Razer Chroma SDK\bin;C:\Program Files (x86)\Razer\ChromaBroadcast\bin;C:\Program Files\Razer\ChromaBroadcast\bin;C:\Program Files\Google\Chrome\Application;C:\Windows\system32;C:\Windows;C:\Windows\System32\Wbem;C:\Windows\System32\WindowsPowerShell\v1.0\;C:\Windows\System32\OpenSSH\;C:\Program Files\dotnet\;C:\Users\Admin\AppData\Local\Microsoft\WindowsApps;C:\Windows\system32\config\systemprofile\AppData\Local\Microsoft\WindowsApps;C:\Program Files\Git\cmd;C:\Users\Admin\AppData\Local\Microsoft\WindowsApps;
USERNAME=Admin
OS=Windows_NT
PROCESSOR_IDENTIFIER=Intel64 Family 6 Model 69 Stepping 1, GenuineIntel
TMP=C:\Users\Admin\AppData\Local\Temp
TEMP=C:\Users\Admin\AppData\Local\Temp



Periodic native trim disabled

JNI global refs:
JNI global refs: 0, weak refs: 0

JNI global refs memory usage: 0, weak refs: 0

OOME stack traces (most recent first):
Classloader memory used:


---------------  S Y S T E M  ---------------

OS:
 Windows 10 , 64 bit Build 19041 (10.0.19041.2546)
OS uptime: 0 days 2:00 hours
Hyper-V role detected

CPU: total 4 (initial active 4) (2 cores per cpu, 2 threads per core) family 6 model 69 stepping 1 microcode 0x25, cx8, cmov, fxsr, ht, mmx, sse, sse2, sse3, ssse3, sse4.1, sse4.2, popcnt, lzcnt, tsc, tscinvbit, avx, avx2, aes, erms, clmul, bmi1, bmi2, fma, vzeroupper, clflush, hv
Processor Information for all 4 processors :
  Max Mhz: 2401, Current Mhz: 1800, Mhz Limit: 1776

Memory: 4k page, system-wide physical 8096M (165M free)
TotalPageFile size 8096M (AvailPageFile size 128M)
current process WorkingSet (physical memory assigned to process): 10M, peak: 10M
current process commit charge ("private bytes"): 51M, peak: 179M

vm_info: OpenJDK 64-Bit Server VM (17.0.9+0--11185874) for windows-amd64 JRE (17.0.9+0--11185874), built on Dec  6 2023 18:57:44 by "androidbuild" with MS VC++ 16.10 / 16.11 (VS2019)

END.
